app/build/outputs/logs/manifest-merger-debug-report.txt
-- Merging decision tree log ---
manifest
ADDED from src\main\AndroidManifest.xml:2:1-38:12
	package
		ADDED from src\main\AndroidManifest.xml:3:5-62
		INJECTED from src\main\AndroidManifest.xml
		INJECTED from src\main\AndroidManifest.xml
	android:versionName
		INJECTED from src\main\AndroidManifest.xml
		INJECTED from src\main\AndroidManifest.xml
	xmlns:android
		ADDED from src\main\AndroidManifest.xml:2:11-69
	android:versionCode
		INJECTED from src\main\AndroidManifest.xml
		INJECTED from src\main\AndroidManifest.xml
application
ADDED from src\main\AndroidManifest.xml:5:5-36:19
MERGED from [com.android.support:design:25.1.0] AndroidManifest.xml:25:5-20
MERGED from [com.android.support:appcompat-v7:25.1.0] AndroidManifest.xml:25:5-20
MERGED from [com.android.support:animated-vector-drawable:25.1.0] AndroidManifest.xml:22:5-20
MERGED from [com.android.support:support-vector-drawable:25.1.0] AndroidManifest.xml:23:5-20
MERGED from [com.android.support:transition:25.1.0] AndroidManifest.xml:22:5-20
MERGED from [com.android.support:support-v4:25.1.0] AndroidManifest.xml:25:5-20
MERGED from [com.android.support:support-fragment:25.1.0] AndroidManifest.xml:25:5-20
MERGED from [com.android.support:support-media-compat:25.1.0] AndroidManifest.xml:25:5-20
MERGED from [com.android.support:support-core-ui:25.1.0] AndroidManifest.xml:25:5-20
MERGED from [com.android.support:support-core-utils:25.1.0] AndroidManifest.xml:25:5-20
MERGED from [com.android.support:support-compat:25.1.0] AndroidManifest.xml:25:5-20
MERGED from [ActivityRecognitionOriginal:android-beacon-library-2.9:unspecified] AndroidManifest.xml:17:5-36:19
MERGED from [ActivityRecognitionOriginal:microsoft-band-1.3.20307.2:unspecified] AndroidManifest.xml:11:5-12:19
	android:label
		ADDED from src\main\AndroidManifest.xml:8:9-41
	android:supportsRtl
		ADDED from src\main\AndroidManifest.xml:9:9-35
	android:allowBackup
		ADDED from src\main\AndroidManifest.xml:6:9-35
	android:icon
		ADDED from src\main\AndroidManifest.xml:7:9-43
	android:theme
		ADDED from src\main\AndroidManifest.xml:10:9-40
activity#com.example.cekke.activity_recognition_original.IntroActivity
ADDED from src\main\AndroidManifest.xml:12:9-21:20
	android:label
		ADDED from src\main\AndroidManifest.xml:14:13-45
	android:theme
		ADDED from src\main\AndroidManifest.xml:15:13-56
	android:name
		ADDED from src\main\AndroidManifest.xml:13:13-89
intent-filter#android.intent.action.MAIN+android.intent.category.LAUNCHER
ADDED from src\main\AndroidManifest.xml:16:13-20:29
action#android.intent.action.MAIN
ADDED from src\main\AndroidManifest.xml:17:17-69
	android:name
		ADDED from src\main\AndroidManifest.xml:17:25-66
category#android.intent.category.LAUNCHER
ADDED from src\main\AndroidManifest.xml:19:17-77
	android:name
		ADDED from src\main\AndroidManifest.xml:19:27-74
activity#com.example.cekke.activity_recognition_original.SettingsActivity
ADDED from src\main\AndroidManifest.xml:22:9-29:20
	android:label
		ADDED from src\main\AndroidManifest.xml:24:13-60
	android:parentActivityName
		ADDED from src\main\AndroidManifest.xml:25:13-102
	android:name
		ADDED from src\main\AndroidManifest.xml:23:13-92
meta-data#android.support.PARENT_ACTIVITY
ADDED from src\main\AndroidManifest.xml:26:13-28:96
	android:value
		ADDED from src\main\AndroidManifest.xml:28:17-93
	android:name
		ADDED from src\main\AndroidManifest.xml:27:17-63
activity#com.example.cekke.activity_recognition_original.MainActivity
ADDED from src\main\AndroidManifest.xml:31:9-34:20
	android:theme
		ADDED from src\main\AndroidManifest.xml:33:13-56
	android:name
		ADDED from src\main\AndroidManifest.xml:32:13-88
uses-sdk
INJECTED from src\main\AndroidManifest.xml reason: use-sdk injection requested
MERGED from [com.android.support:design:25.1.0] AndroidManifest.xml:21:5-23:62
MERGED from [com.android.support:appcompat-v7:25.1.0] AndroidManifest.xml:21:5-23:78
MERGED from [com.android.support:animated-vector-drawable:25.1.0] AndroidManifest.xml:20:5-44
MERGED from [com.android.support:support-vector-drawable:25.1.0] AndroidManifest.xml:21:5-43
MERGED from [com.android.support:recyclerview-v7:25.1.0] AndroidManifest.xml:20:5-43
MERGED from [com.android.support:transition:25.1.0] AndroidManifest.xml:20:5-44
MERGED from [com.android.support:support-v4:25.1.0] AndroidManifest.xml:21:5-23:54
MERGED from [com.android.support:support-fragment:25.1.0] AndroidManifest.xml:21:5-23:60
MERGED from [com.android.support:support-media-compat:25.1.0] AndroidManifest.xml:21:5-23:63
MERGED from [com.android.support:support-core-ui:25.1.0] AndroidManifest.xml:21:5-23:58
MERGED from [com.android.support:support-core-utils:25.1.0] AndroidManifest.xml:21:5-23:61
MERGED from [com.android.support:support-compat:25.1.0] AndroidManifest.xml:21:5-23:58
MERGED from [ActivityRecognitionOriginal:android-beacon-library-2.9:unspecified] AndroidManifest.xml:7:5-9:41
MERGED from [ActivityRecognitionOriginal:microsoft-band-1.3.20307.2:unspecified] AndroidManifest.xml:7:5-9:41
	tools:overrideLibrary
		ADDED from [com.android.support:design:25.1.0] AndroidManifest.xml:23:9-59
	android:targetSdkVersion
		INJECTED from src\main\AndroidManifest.xml
		INJECTED from src\main\AndroidManifest.xml
	android:minSdkVersion
		INJECTED from src\main\AndroidManifest.xml
		INJECTED from src\main\AndroidManifest.xml
uses-permission#android.permission.BLUETOOTH
ADDED from [ActivityRecognitionOriginal:android-beacon-library-2.9:unspecified] AndroidManifest.xml:11:5-68
	android:name
		ADDED from [ActivityRecognitionOriginal:android-beacon-library-2.9:unspecified] AndroidManifest.xml:11:22-65
uses-permission#android.permission.BLUETOOTH_ADMIN
ADDED from [ActivityRecognitionOriginal:android-beacon-library-2.9:unspecified] AndroidManifest.xml:12:5-74
	android:name
		ADDED from [ActivityRecognitionOriginal:android-beacon-library-2.9:unspecified] AndroidManifest.xml:12:22-71
uses-permission#android.permission.RECEIVE_BOOT_COMPLETED
ADDED from [ActivityRecognitionOriginal:android-beacon-library-2.9:unspecified] AndroidManifest.xml:13:5-81
	android:name
		ADDED from [ActivityRecognitionOriginal:android-beacon-library-2.9:unspecified] AndroidManifest.xml:13:22-78
uses-permission-sdk-23
ADDED from [ActivityRecognitionOriginal:android-beacon-library-2.9:unspecified] AndroidManifest.xml:15:5-88
	android:name
		ADDED from [ActivityRecognitionOriginal:android-beacon-library-2.9:unspecified] AndroidManifest.xml:15:29-85
receiver#org.altbeacon.beacon.startup.StartupBroadcastReceiver
ADDED from [ActivityRecognitionOriginal:android-beacon-library-2.9:unspecified] AndroidManifest.xml:18:9-24:20
	android:name
		ADDED from [ActivityRecognitionOriginal:android-beacon-library-2.9:unspecified] AndroidManifest.xml:18:19-87
intent-filter#android.intent.action.ACTION_POWER_CONNECTED+android.intent.action.ACTION_POWER_DISCONNECTED+android.intent.action.BOOT_COMPLETED
ADDED from [ActivityRecognitionOriginal:android-beacon-library-2.9:unspecified] AndroidManifest.xml:19:13-23:29
action#android.intent.action.BOOT_COMPLETED
ADDED from [ActivityRecognitionOriginal:android-beacon-library-2.9:unspecified] AndroidManifest.xml:20:17-79
	android:name
		ADDED from [ActivityRecognitionOriginal:android-beacon-library-2.9:unspecified] AndroidManifest.xml:20:25-76
action#android.intent.action.ACTION_POWER_CONNECTED
ADDED from [ActivityRecognitionOriginal:android-beacon-library-2.9:unspecified] AndroidManifest.xml:21:17-87
	android:name
		ADDED from [ActivityRecognitionOriginal:android-beacon-library-2.9:unspecified] AndroidManifest.xml:21:25-84
action#android.intent.action.ACTION_POWER_DISCONNECTED
ADDED from [ActivityRecognitionOriginal:android-beacon-library-2.9:unspecified] AndroidManifest.xml:22:17-90
	android:name
		ADDED from [ActivityRecognitionOriginal:android-beacon-library-2.9:unspecified] AndroidManifest.xml:22:25-87
service#org.altbeacon.beacon.service.BeaconService
ADDED from [ActivityRecognitionOriginal:android-beacon-library-2.9:unspecified] AndroidManifest.xml:26:9-31:38
	android:enabled
		ADDED from [ActivityRecognitionOriginal:android-beacon-library-2.9:unspecified] AndroidManifest.xml:28:13-35
	android:label
		ADDED from [ActivityRecognitionOriginal:android-beacon-library-2.9:unspecified] AndroidManifest.xml:31:13-35
	android:exported
		ADDED from [ActivityRecognitionOriginal:android-beacon-library-2.9:unspecified] AndroidManifest.xml:29:13-37
	android:isolatedProcess
		ADDED from [ActivityRecognitionOriginal:android-beacon-library-2.9:unspecified] AndroidManifest.xml:30:13-44
	android:name
		ADDED from [ActivityRecognitionOriginal:android-beacon-library-2.9:unspecified] AndroidManifest.xml:27:13-70
service#org.altbeacon.beacon.BeaconIntentProcessor
ADDED from [ActivityRecognitionOriginal:android-beacon-library-2.9:unspecified] AndroidManifest.xml:32:9-35:40
	android:enabled
		ADDED from [ActivityRecognitionOriginal:android-beacon-library-2.9:unspecified] AndroidManifest.xml:34:13-35
	android:exported
		ADDED from [ActivityRecognitionOriginal:android-beacon-library-2.9:unspecified] AndroidManifest.xml:35:13-37
	android:name
		ADDED from [ActivityRecognitionOriginal:android-beacon-library-2.9:unspecified] AndroidManifest.xml:33:13-70